# JRE version: OpenJDK Runtime Environment (11.0.1+13) (build 11.0.1+13-Ubuntu-3ubuntu3.18.10.1)
# Java VM: OpenJDK 64-Bit Server VM (11.0.1+13-Ubuntu-3ubuntu3.18.10.1, mixed mode, sharing, tiered, compressed oops, g1 gc, linux-amd64)
Heap:
 garbage-first heap   total 258048K, used 139082K [0x0000000707400000, 0x0000000800000000)
  region size 1024K, 123 young (125952K), 8 survivors (8192K)
 Metaspace       used 25851K, capacity 28928K, committed 29056K, reserved 1073152K
  class space    used 4645K, capacity 5707K, committed 5760K, reserved 1048576K
GC Heap History (6 events):
Event: 1.310 GC heap before
{Heap before GC invocations=0 (full 0):
 garbage-first heap   total 258048K, used 13944K [0x0000000707400000, 0x0000000800000000)
  region size 1024K, 14 young (14336K), 0 survivors (0K)
 Metaspace       used 4789K, capacity 7825K, committed 8192K, reserved 1056768K
  class space    used 877K, capacity 1156K, committed 1280K, reserved 1048576K
}
Event: 1.331 GC heap after
{Heap after GC invocations=1 (full 0):
 garbage-first heap   total 258048K, used 2913K [0x0000000707400000, 0x0000000800000000)
  region size 1024K, 2 young (2048K), 2 survivors (2048K)
 Metaspace       used 4789K, capacity 7825K, committed 8192K, reserved 1056768K
  class space    used 877K, capacity 1156K, committed 1280K, reserved 1048576K
}
Event: 7.501 GC heap before
{Heap before GC invocations=1 (full 0):
 garbage-first heap   total 258048K, used 154465K [0x0000000707400000, 0x0000000800000000)
  region size 1024K, 150 young (153600K), 2 survivors (2048K)
 Metaspace       used 15926K, capacity 19115K, committed 19328K, reserved 1064960K
  class space    used 3404K, capacity 4149K, committed 4224K, reserved 1048576K
}
Event: 7.561 GC heap after
{Heap after GC invocations=2 (full 0):
 garbage-first heap   total 258048K, used 8198K [0x0000000707400000, 0x0000000800000000)
  region size 1024K, 8 young (8192K), 8 survivors (8192K)
 Metaspace       used 15926K, capacity 19115K, committed 19328K, reserved 1064960K
  class space    used 3404K, capacity 4149K, committed 4224K, reserved 1048576K
}
Event: 295.692 GC heap before
{Heap before GC invocations=2 (full 0):
 garbage-first heap   total 258048K, used 90118K [0x0000000707400000, 0x0000000800000000)
  region size 1024K, 81 young (82944K), 8 survivors (8192K)
 Metaspace       used 19000K, capacity 21013K, committed 21248K, reserved 1067008K
  class space    used 3770K, capacity 4496K, committed 4608K, reserved 1048576K
}
Event: 295.706 GC heap after
{Heap after GC invocations=3 (full 0):
 garbage-first heap   total 258048K, used 9034K [0x0000000707400000, 0x0000000800000000)
  region size 1024K, 8 young (8192K), 8 survivors (8192K)
 Metaspace       used 19000K, capacity 21013K, committed 21248K, reserved 1067008K
  class space    used 3770K, capacity 4496K, committed 4608K, reserved 1048576K
}

